Producer: 
torrent prefix
number of files
number of segments per file
(Based on number of args above)

private: 
    Create torrent file (from torrent-file.cpp)
    Create a vector of manifests (file-manifest.cpp)
    Ignore data packets

One torrent file object
Vector of file manifests
2s delay
Check interest for torrent file/manifest/data packet

Consumer:
Pass torrent prefix
2.2s delay
Send interest for torrent file (with torrent file name) this will reach the producer
After receving the torrent file content, cast it to a torrent file
Use the torrent API file

Refer to
cxx library 0.6.1 (name.hpp)

